<?xml version="1.0" encoding="UTF-8"?>
<!-- Generated by org.testng.reporters.JUnitReportReporter -->
<testsuite skipped="0" hostname="LAPTOP-JVNL5G83" name="com.qa.ParallelTest.test.BingTest" tests="2" failures="0" timestamp="10 Sep 2020 19:15:11 GMT" time="19.232" errors="0">
  <testcase name="logoMethodTest" time="8.380" classname="com.qa.ParallelTest.test.BingTest"/>
  <testcase name="getitileTest" time="10.852" classname="com.qa.ParallelTest.test.BingTest"/>
</testsuite> <!-- com.qa.ParallelTest.test.BingTest -->
