<?xml version="1.0" encoding="UTF-8"?>
<!-- Generated by org.testng.reporters.JUnitReportReporter -->
<testsuite skipped="0" hostname="LAPTOP-JVNL5G83" name="com.qa.ParallelTest.test.GoogleTest" tests="2" failures="0" timestamp="10 Sep 2020 19:15:11 GMT" time="19.427" errors="0">
  <testcase name="LogoDisplayTest" time="10.510" classname="com.qa.ParallelTest.test.GoogleTest"/>
  <testcase name="getTitleTest" time="8.917" classname="com.qa.ParallelTest.test.GoogleTest"/>
</testsuite> <!-- com.qa.ParallelTest.test.GoogleTest -->
