<?xml version="1.0" encoding="UTF-8"?>
<!-- Generated by org.testng.reporters.JUnitReportReporter -->
<testsuite skipped="0" hostname="LAPTOP-JVNL5G83" name="com.qa.ParallelTest.test.YahooTest" tests="2" failures="0" timestamp="10 Sep 2020 19:15:11 GMT" time="22.391" errors="0">
  <testcase name="logoTest" time="12.099" classname="com.qa.ParallelTest.test.YahooTest"/>
  <testcase name="titleTest" time="10.292" classname="com.qa.ParallelTest.test.YahooTest"/>
</testsuite> <!-- com.qa.ParallelTest.test.YahooTest -->
